<?xml version="1.0" encoding="UTF-8"?>
<!-- Generated by org.testng.reporters.JUnitXMLReporter -->
<testsuite hostname="DESKTOP-NBQPCTP" ignored="0" name="Default test" tests="3" failures="0" timestamp="2021-03-27T08:21:19 IST" time="0.201" errors="0">
  <testcase name="Login" time="0.03" classname="Conflict.ContactTest"/>
  <testcase name="Test" time="0.005" classname="Conflict.ContactTest"/>
  <testcase name="createcontact" time="0.008" classname="Conflict.ContactTest"/>
</testsuite> <!-- Default test -->
