<?xml version="1.0" encoding="UTF-8"?>
<testng-results skipped="0" failed="0" ignored="0" total="3" passed="3">
  <reporter-output>
  </reporter-output>
  <suite name="Default suite" duration-ms="201" started-at="2021-03-27T08:21:19 IST" finished-at="2021-03-27T08:21:19 IST">
    <groups>
    </groups>
    <test name="Default test" duration-ms="201" started-at="2021-03-27T08:21:19 IST" finished-at="2021-03-27T08:21:19 IST">
      <class name="Conflict.ContactTest">
        <test-method status="PASS" signature="Login()[pri:0, instance:Conflict.ContactTest@64729b1e]" name="Login" duration-ms="30" started-at="2021-03-27T08:21:19 IST" finished-at="2021-03-27T08:21:19 IST">
          <reporter-output>
          </reporter-output>
        </test-method> <!-- Login -->
        <test-method status="PASS" signature="Test()[pri:0, instance:Conflict.ContactTest@64729b1e]" name="Test" duration-ms="5" started-at="2021-03-27T08:21:19 IST" finished-at="2021-03-27T08:21:19 IST">
          <reporter-output>
          </reporter-output>
        </test-method> <!-- Test -->
        <test-method status="PASS" signature="createcontact()[pri:0, instance:Conflict.ContactTest@64729b1e]" name="createcontact" duration-ms="8" started-at="2021-03-27T08:21:19 IST" finished-at="2021-03-27T08:21:19 IST">
          <reporter-output>
          </reporter-output>
        </test-method> <!-- createcontact -->
      </class> <!-- Conflict.ContactTest -->
    </test> <!-- Default test -->
  </suite> <!-- Default suite -->
</testng-results>
